<?xml version="1.0" encoding="UTF-8"?>
<testsuite xmlns:xsi="http://www.w3.org/2001/XMLSchema-instance" xsi:noNamespaceSchemaLocation="https://maven.apache.org/surefire/maven-surefire-plugin/xsd/surefire-test-report.xsd" name="com.nymble.ActivityTest" time="0" tests="8" errors="0" skipped="0" failures="0">
  <properties>
[...]
</properties>
  <testcase name="testDecreaseCapacity" classname="com.nymble.ActivityTest" time="0"/>
  <testcase name="testActivityDetailsFullCapacity" classname="com.nymble.ActivityTest" time="0"/>
  <testcase name="testSignUpPassenger" classname="com.nymble.ActivityTest" time="0"/>
  <testcase name="testSignUpPassengerFullCapacity" classname="com.nymble.ActivityTest" time="0"/>
  <testcase name="testActivityDetailsEmptyActivity" classname="com.nymble.ActivityTest" time="0"/>
  <testcase name="testDecreaseCapacityBelowZero" classname="com.nymble.ActivityTest" time="0"/>
  <testcase name="testActivityDetails" classname="com.nymble.ActivityTest" time="0"/>
  <testcase name="testGetSignedUpPassengers" classname="com.nymble.ActivityTest" time="0"/>
</testsuite>